#
# A fatal error has been detected by the Java Runtime Environment:
#
#  SIGSEGV (0xb) at pc=0x000000010d815e90, pid=1751, tid=19715
#
# JRE version: Java(TM) SE Runtime Environment (8.0_40-b25) (build 1.8.0_40-b25)
# Java VM: Java HotSpot(TM) 64-Bit Server VM (25.40-b25 mixed mode bsd-amd64 compressed oops)
# Problematic frame:
# V  [libjvm.dylib+0x415e90]  Matcher::xform(Node*, int)+0x2e2
#
# Failed to write core dump. Core dumps have been disabled. To enable core dumping, try "ulimit -c unlimited" before starting Java again
#
# If you would like to submit a bug report, please visit:
#   http://bugreport.java.com/bugreport/crash.jsp
#

---------------  T H R E A D  ---------------

Current thread (0x00007ff0f201e800):  JavaThread "C2 CompilerThread2" daemon [_thread_in_native, id=19715, stack(0x0000000124c5a000,0x0000000124d5a000)]

siginfo: si_signo: 11 (SIGSEGV), si_code: 1 (SEGV_MAPERR), si_addr: 0x0000000000000057

Registers:
RAX=0x000000012af1c2e0, RBX=0x00007ff0f25cf0f8, RCX=0x00007ff0f254bbe8, RDX=0x000000010d9e50eb
RSP=0x0000000124d56930, RBP=0x0000000124d569a0, RSI=0x00007ff0f25cf0f8, RDI=0x0000000000000000
R8 =0x00007ff0f254d7a8, R9 =0x0000000000000001, R10=0x0000000000000000, R11=0xfffffffff9a7d2e0
R12=0x0000000000000000, R13=0x00007ff0f254b500, R14=0x000000000000002f, R15=0x00007ff0f25cf0f8
RIP=0x000000010d815e90, EFLAGS=0x0000000000010202, ERR=0x0000000000000004
  TRAPNO=0x000000000000000e

Top of Stack: (sp=0x0000000124d56930)
0x0000000124d56930:   0000000124d576d8 0000000124d58068
0x0000000124d56940:   00007ff0f0c21110 0000000000007fd8
0x0000000124d56950:   0000000124d576b8 000000012af1c2e0
0x0000000124d56960:   000000012b0d3b50 000000012af1a010
0x0000000124d56970:   00007ff0f0c21110 0000000124d576b8
0x0000000124d56980:   000000000000000a 00007ff0f648d298
0x0000000124d56990:   0000000000006e6d 0000000124d58f88
0x0000000124d569a0:   0000000124d56a40 000000010d8187f3
0x0000000124d569b0:   00007ff0f8cde218 0000000124d59148
0x0000000124d569c0:   0000000000000000 0000000000000000
0x0000000124d569d0:   4000000000000000 0000000000000000
0x0000000124d569e0:   0000000000000000 0000000000100000
0x0000000124d569f0:   0000000000000000 0000000000000000
0x0000000124d56a00:   0000000000000000 0000000000000000
0x0000000124d56a10:   0000000124d56a40 0000000124d58f88
0x0000000124d56a20:   00007ff0f8164cf0 0000000124d58f88
0x0000000124d56a30:   0000000124d576b8 0000000124d574b0
0x0000000124d56a40:   0000000124d58350 000000010d5a8f09
0x0000000124d56a50:   0000000000000000 0000000000000000
0x0000000124d56a60:   0000000000000000 0000000000000000
0x0000000124d56a70:   0000000000000000 0000000000000000
0x0000000124d56a80:   0000000000000000 0000000000000000
0x0000000124d56a90:   0000000000000000 0000000000000000
0x0000000124d56aa0:   0000000000000000 0000000000000000
0x0000000124d56ab0:   0000000000000000 0000000000000000
0x0000000124d56ac0:   0000000000000000 0000000000000000
0x0000000124d56ad0:   0000000000000000 0000000000000000
0x0000000124d56ae0:   0000000000000000 0000000000000000
0x0000000124d56af0:   0000000000000000 0000000000000000
0x0000000124d56b00:   0000000000000000 0000000000000000
0x0000000124d56b10:   0000000000000000 0000000000000000
0x0000000124d56b20:   0000000000000000 0000000000000000 

Instructions: (pc=0x000000010d815e90)
0x000000010d815e70:   85 c0 74 15 49 63 cc 49 8b 55 18 48 8b 0c ca 8b
0x000000010d815e80:   55 ac 0f b6 d2 48 89 04 d1 48 8b 45 b8 4c 89 30
0x000000010d815e90:   41 8b 76 28 48 8b 7d 98 e8 b7 82 c8 ff 85 c0 74
0x000000010d815ea0:   08 4c 89 f3 e9 99 02 00 00 44 8b 7b 18 eb 62 44 

Register to memory mapping:

RAX=0x000000012af1c2e0 is an unknown value
RBX=0x00007ff0f25cf0f8 is an unknown value
RCX=0x00007ff0f254bbe8 is an unknown value
RDX=0x000000010d9e50eb: _ZN13JfrRepository27chunk_file_jfr_ext_dot_partE+0xb9e1 in /Library/Java/JavaVirtualMachines/jdk1.8.0_40.jdk/Contents/Home/jre/lib/server/libjvm.dylib at 0x000000010d400000
RSP=0x0000000124d56930 is pointing into the stack for thread: 0x00007ff0f201e800
RBP=0x0000000124d569a0 is pointing into the stack for thread: 0x00007ff0f201e800
RSI=0x00007ff0f25cf0f8 is an unknown value
RDI=0x0000000000000000 is an unknown value
R8 =0x00007ff0f254d7a8 is an unknown value
R9 =0x0000000000000001 is an unknown value
R10=0x0000000000000000 is an unknown value
R11=0xfffffffff9a7d2e0 is an unknown value
R12=0x0000000000000000 is an unknown value
R13=0x00007ff0f254b500 is an unknown value
R14=0x000000000000002f is an unknown value
R15=0x00007ff0f25cf0f8 is an unknown value


Stack: [0x0000000124c5a000,0x0000000124d5a000],  sp=0x0000000124d56930,  free space=1010k
Native frames: (J=compiled Java code, j=interpreted, Vv=VM code, C=native code)
V  [libjvm.dylib+0x415e90]  Matcher::xform(Node*, int)+0x2e2
V  [libjvm.dylib+0x4187f3]  Matcher::match()+0x5eb
V  [libjvm.dylib+0x1a8f09]  Compile::Code_Gen()+0x73
V  [libjvm.dylib+0x1ace38]  Compile::Compile(ciEnv*, C2Compiler*, ciMethod*, int, bool, bool, bool)+0x970
V  [libjvm.dylib+0x14bae6]  C2Compiler::compile_method(ciEnv*, ciMethod*, int)+0xac
V  [libjvm.dylib+0x1b041e]  CompileBroker::invoke_compiler_on_method(CompileTask*)+0x5b2
V  [libjvm.dylib+0x1b2965]  CompileBroker::compiler_thread_loop()+0x291
V  [libjvm.dylib+0x549acf]  JavaThread::thread_main_inner()+0x9b
V  [libjvm.dylib+0x54b1c0]  JavaThread::run()+0x1c2
V  [libjvm.dylib+0x46ea8e]  java_start(Thread*)+0xf6
C  [libsystem_pthread.dylib+0x3268]  _pthread_body+0x83
C  [libsystem_pthread.dylib+0x31e5]  _pthread_body+0x0
C  [libsystem_pthread.dylib+0x141d]  thread_start+0xd
C  0x0000000000000000


Current CompileTask:
C2: 352947 12024       4       java.beans.PropertyDescriptor::isAssignable (148 bytes)


---------------  P R O C E S S  ---------------

Java Threads: ( => current thread )
  0x00007ff0f126a800 JavaThread "Stdin handler" [_thread_blocked, id=24851, stack(0x00000001277b9000,0x00000001278b9000)]
  0x00007ff0f758c800 JavaThread "Cancel handler" [_thread_blocked, id=23827, stack(0x0000000127422000,0x0000000127522000)]
  0x00007ff0f7630000 JavaThread "Handler for socket connection from /127.0.0.1:63840 to /127.0.0.1:64256" [_thread_in_native, id=36875, stack(0x00000001265dd000,0x00000001266dd000)]
  0x00007ff0f64a8000 JavaThread "Daemon worker Thread 2" [_thread_in_Java, id=30727, stack(0x0000000125eae000,0x0000000125fae000)]
  0x00007ff0f7c1c800 JavaThread "Daemon Thread 2" [_thread_blocked, id=22279, stack(0x00000001259a5000,0x0000000125aa5000)]
  0x00007ff0f6f45800 JavaThread "File lock request listener" [_thread_in_native, id=25347, stack(0x0000000126f1f000,0x000000012701f000)]
  0x00007ff0f1252000 JavaThread "Incoming local TCP Connector on port 63840" [_thread_in_native, id=21763, stack(0x00000001258a2000,0x00000001259a2000)]
  0x00007ff0f1857800 JavaThread "Service Thread" daemon [_thread_blocked, id=20739, stack(0x0000000124e60000,0x0000000124f60000)]
  0x00007ff0f201f000 JavaThread "C1 CompilerThread3" daemon [_thread_blocked, id=20227, stack(0x0000000124d5d000,0x0000000124e5d000)]
=>0x00007ff0f201e800 JavaThread "C2 CompilerThread2" daemon [_thread_in_native, id=19715, stack(0x0000000124c5a000,0x0000000124d5a000)]
  0x00007ff0f201d800 JavaThread "C2 CompilerThread1" daemon [_thread_in_native, id=19203, stack(0x0000000124b57000,0x0000000124c57000)]
  0x00007ff0f201c000 JavaThread "C2 CompilerThread0" daemon [_thread_in_native, id=18691, stack(0x0000000124a54000,0x0000000124b54000)]
  0x00007ff0f2016800 JavaThread "Signal Dispatcher" daemon [_thread_blocked, id=15383, stack(0x0000000124951000,0x0000000124a51000)]
  0x00007ff0f3009000 JavaThread "Finalizer" daemon [_thread_blocked, id=13571, stack(0x0000000122f25000,0x0000000123025000)]
  0x00007ff0f3008000 JavaThread "Reference Handler" daemon [_thread_blocked, id=13059, stack(0x0000000122e22000,0x0000000122f22000)]
  0x00007ff0f2003000 JavaThread "main" [_thread_blocked, id=4867, stack(0x000000010e36a000,0x000000010e46a000)]

Other Threads:
  0x00007ff0f3005800 VMThread [stack: 0x0000000122d1f000,0x0000000122e1f000] [id=12547]
  0x00007ff0f1858800 WatcherThread [stack: 0x0000000124f63000,0x0000000125063000] [id=21251]

VM state:not at safepoint (normal execution)

VM Mutex/Monitor currently owned by a thread: None

Heap:
 PSYoungGen      total 290304K, used 80292K [0x00000007aab00000, 0x00000007c0000000, 0x00000007c0000000)
  eden space 241664K, 13% used [0x00000007aab00000,0x00000007ac9ece50,0x00000007b9700000)
  from space 48640K, 99% used [0x00000007b9700000,0x00000007bc67c228,0x00000007bc680000)
  to   space 58880K, 0% used [0x00000007bc680000,0x00000007bc680000,0x00000007c0000000)
 ParOldGen       total 166400K, used 92612K [0x0000000780000000, 0x000000078a280000, 0x00000007aab00000)
  object space 166400K, 55% used [0x0000000780000000,0x0000000785a71038,0x000000078a280000)
 Metaspace       used 84821K, capacity 92006K, committed 92160K, reserved 1128448K
  class space    used 11740K, capacity 14022K, committed 14080K, reserved 1048576K

Card table byte_map: [0x000000011d861000,0x000000011da62000] byte_map_base: 0x0000000119c61000

Marking Bits: (ParMarkBitMap*) 0x000000010dcc27a0
 Begin Bits: [0x000000011e3d0000, 0x000000011f3d0000)
 End Bits:   [0x000000011f3d0000, 0x00000001203d0000)

Polling page: 0x000000010c3d3000

CodeCache: size=245760Kb used=39439Kb max_used=39439Kb free=206320Kb
 bounds [0x000000010e4a1000, 0x0000000110b61000, 0x000000011d4a1000]
 total_blobs=10717 nmethods=9982 adapters=646
 compilation: enabled

Compilation events (10 events):
Event: 352.899 Thread 0x00007ff0f201f000 12103       3       org.gradle.messaging.dispatch.ProxyDispatchAdapter$DispatchingInvocationHandler::<init> (15 bytes)
Event: 352.899 Thread 0x00007ff0f201f000 nmethod 12103 0x0000000110b5b810 code [0x0000000110b5b980, 0x0000000110b5bb70]
Event: 352.907 Thread 0x00007ff0f201f000 12105       2       org.gradle.internal.typeconversion.NotationConverterToNotationParserAdapter$ResultImpl::<init> (5 bytes)
Event: 352.907 Thread 0x00007ff0f201f000 nmethod 12105 0x0000000110b5bc10 code [0x0000000110b5bd60, 0x0000000110b5beb0]
Event: 352.908 Thread 0x00007ff0f201f000 12106       3       com.android.build.gradle.internal.api.DefaultAndroidSourceSet_Decorated::getConventionMapping (30 bytes)
Event: 352.908 Thread 0x00007ff0f201f000 nmethod 12106 0x0000000110b5bf50 code [0x0000000110b5c180, 0x0000000110b5ccf8]
Event: 352.909 Thread 0x00007ff0f201f000 12107       3       org.gradle.api.plugins.BasePluginConvention::getMetaClass (23 bytes)
Event: 352.909 Thread 0x00007ff0f201f000 nmethod 12107 0x0000000110b5d590 code [0x0000000110b5d700, 0x0000000110b5d908]
Event: 352.910 Thread 0x00007ff0f201f000 12108       3       org.gradle.api.plugins.JavaPluginConvention::getMetaClass (23 bytes)
Event: 352.910 Thread 0x00007ff0f201f000 nmethod 12108 0x0000000110b5d9d0 code [0x0000000110b5db40, 0x0000000110b5dd48]

GC Heap History (10 events):
Event: 280.861 GC heap before
{Heap before GC invocations=17 (full 3):
 PSYoungGen      total 299008K, used 239994K [0x00000007aab00000, 0x00000007c0000000, 0x00000007c0000000)
  eden space 272384K, 78% used [0x00000007aab00000,0x00000007b7b688a0,0x00000007bb500000)
  from space 26624K, 99% used [0x00000007bb500000,0x00000007bcef61d8,0x00000007bcf00000)
  to   space 40448K, 0% used [0x00000007bd880000,0x00000007bd880000,0x00000007c0000000)
 ParOldGen       total 166400K, used 59019K [0x0000000780000000, 0x000000078a280000, 0x00000007aab00000)
  object space 166400K, 35% used [0x0000000780000000,0x00000007839a2c98,0x000000078a280000)
 Metaspace       used 65067K, capacity 69336K, committed 69376K, reserved 1107968K
  class space    used 8852K, capacity 10224K, committed 10240K, reserved 1048576K
Event: 280.878 GC heap after
Heap after GC invocations=17 (full 3):
 PSYoungGen      total 294400K, used 40445K [0x00000007aab00000, 0x00000007c0000000, 0x00000007c0000000)
  eden space 253952K, 0% used [0x00000007aab00000,0x00000007aab00000,0x00000007ba300000)
  from space 40448K, 99% used [0x00000007bd880000,0x00000007bffff698,0x00000007c0000000)
  to   space 47616K, 0% used [0x00000007ba300000,0x00000007ba300000,0x00000007bd180000)
 ParOldGen       total 166400K, used 59645K [0x0000000780000000, 0x000000078a280000, 0x00000007aab00000)
  object space 166400K, 35% used [0x0000000780000000,0x0000000783a3f6d0,0x000000078a280000)
 Metaspace       used 65067K, capacity 69336K, committed 69376K, reserved 1107968K
  class space    used 8852K, capacity 10224K, committed 10240K, reserved 1048576K
}
Event: 280.878 GC heap before
{Heap before GC invocations=18 (full 4):
 PSYoungGen      total 294400K, used 40445K [0x00000007aab00000, 0x00000007c0000000, 0x00000007c0000000)
  eden space 253952K, 0% used [0x00000007aab00000,0x00000007aab00000,0x00000007ba300000)
  from space 40448K, 99% used [0x00000007bd880000,0x00000007bffff698,0x00000007c0000000)
  to   space 47616K, 0% used [0x00000007ba300000,0x00000007ba300000,0x00000007bd180000)
 ParOldGen       total 166400K, used 59645K [0x0000000780000000, 0x000000078a280000, 0x00000007aab00000)
  object space 166400K, 35% used [0x0000000780000000,0x0000000783a3f6d0,0x000000078a280000)
 Metaspace       used 65067K, capacity 69336K, committed 69376K, reserved 1107968K
  class space    used 8852K, capacity 10224K, committed 10240K, reserved 1048576K
Event: 281.199 GC heap after
Heap after GC invocations=18 (full 4):
 PSYoungGen      total 294400K, used 0K [0x00000007aab00000, 0x00000007c0000000, 0x00000007c0000000)
  eden space 253952K, 0% used [0x00000007aab00000,0x00000007aab00000,0x00000007ba300000)
  from space 40448K, 0% used [0x00000007bd880000,0x00000007bd880000,0x00000007c0000000)
  to   space 47616K, 0% used [0x00000007ba300000,0x00000007ba300000,0x00000007bd180000)
 ParOldGen       total 166400K, used 92588K [0x0000000780000000, 0x000000078a280000, 0x00000007aab00000)
  object space 166400K, 55% used [0x0000000780000000,0x0000000785a6b038,0x000000078a280000)
 Metaspace       used 65033K, capacity 69222K, committed 69376K, reserved 1107968K
  class space    used 8846K, capacity 10190K, committed 10240K, reserved 1048576K
}
Event: 285.146 GC heap before
{Heap before GC invocations=19 (full 4):
 PSYoungGen      total 294400K, used 253952K [0x00000007aab00000, 0x00000007c0000000, 0x00000007c0000000)
  eden space 253952K, 100% used [0x00000007aab00000,0x00000007ba300000,0x00000007ba300000)
  from space 40448K, 0% used [0x00000007bd880000,0x00000007bd880000,0x00000007c0000000)
  to   space 47616K, 0% used [0x00000007ba300000,0x00000007ba300000,0x00000007bd180000)
 ParOldGen       total 166400K, used 92588K [0x0000000780000000, 0x000000078a280000, 0x00000007aab00000)
  object space 166400K, 55% used [0x0000000780000000,0x0000000785a6b038,0x000000078a280000)
 Metaspace       used 72203K, capacity 77387K, committed 77696K, reserved 1116160K
  class space    used 9887K, capacity 11527K, committed 11648K, reserved 1048576K
Event: 285.169 GC heap after
Heap after GC invocations=19 (full 4):
 PSYoungGen      total 284672K, used 30621K [0x00000007aab00000, 0x00000007c0000000, 0x00000007c0000000)
  eden space 253952K, 0% used [0x00000007aab00000,0x00000007aab00000,0x00000007ba300000)
  from space 30720K, 99% used [0x00000007ba300000,0x00000007bc0e75e8,0x00000007bc100000)
  to   space 49152K, 0% used [0x00000007bd000000,0x00000007bd000000,0x00000007c0000000)
 ParOldGen       total 166400K, used 92596K [0x0000000780000000, 0x000000078a280000, 0x00000007aab00000)
  object space 166400K, 55% used [0x0000000780000000,0x0000000785a6d038,0x000000078a280000)
 Metaspace       used 72203K, capacity 77387K, committed 77696K, reserved 1116160K
  class space    used 9887K, capacity 11527K, committed 11648K, reserved 1048576K
}
Event: 319.956 GC heap before
{Heap before GC invocations=20 (full 4):
 PSYoungGen      total 284672K, used 284573K [0x00000007aab00000, 0x00000007c0000000, 0x00000007c0000000)
  eden space 253952K, 100% used [0x00000007aab00000,0x00000007ba300000,0x00000007ba300000)
  from space 30720K, 99% used [0x00000007ba300000,0x00000007bc0e75e8,0x00000007bc100000)
  to   space 49152K, 0% used [0x00000007bd000000,0x00000007bd000000,0x00000007c0000000)
 ParOldGen       total 166400K, used 92596K [0x0000000780000000, 0x000000078a280000, 0x00000007aab00000)
  object space 166400K, 55% used [0x0000000780000000,0x0000000785a6d038,0x000000078a280000)
 Metaspace       used 78707K, capacity 84983K, committed 85120K, reserved 1122304K
  class space    used 10851K, capacity 12864K, committed 12928K, reserved 1048576K
Event: 319.978 GC heap after
Heap after GC invocations=20 (full 4):
 PSYoungGen      total 290816K, used 39348K [0x00000007aab00000, 0x00000007c0000000, 0x00000007c0000000)
  eden space 241664K, 0% used [0x00000007aab00000,0x00000007aab00000,0x00000007b9700000)
  from space 49152K, 80% used [0x00000007bd000000,0x00000007bf66d200,0x00000007c0000000)
  to   space 53760K, 0% used [0x00000007b9700000,0x00000007b9700000,0x00000007bcb80000)
 ParOldGen       total 166400K, used 92604K [0x0000000780000000, 0x000000078a280000, 0x00000007aab00000)
  object space 166400K, 55% used [0x0000000780000000,0x0000000785a6f038,0x000000078a280000)
 Metaspace       used 78707K, capacity 84983K, committed 85120K, reserved 1122304K
  class space    used 10851K, capacity 12864K, committed 12928K, reserved 1048576K
}
Event: 352.743 GC heap before
{Heap before GC invocations=21 (full 4):
 PSYoungGen      total 290816K, used 281012K [0x00000007aab00000, 0x00000007c0000000, 0x00000007c0000000)
  eden space 241664K, 100% used [0x00000007aab00000,0x00000007b9700000,0x00000007b9700000)
  from space 49152K, 80% used [0x00000007bd000000,0x00000007bf66d200,0x00000007c0000000)
  to   space 53760K, 0% used [0x00000007b9700000,0x00000007b9700000,0x00000007bcb80000)
 ParOldGen       total 166400K, used 92604K [0x0000000780000000, 0x000000078a280000, 0x00000007aab00000)
  object space 166400K, 55% used [0x0000000780000000,0x0000000785a6f038,0x000000078a280000)
 Metaspace       used 83930K, capacity 90820K, committed 91008K, reserved 1126400K
  class space    used 11603K, capacity 13825K, committed 13952K, reserved 1048576K
Event: 352.773 GC heap after
Heap after GC invocations=21 (full 4):
 PSYoungGen      total 290304K, used 48624K [0x00000007aab00000, 0x00000007c0000000, 0x00000007c0000000)
  eden space 241664K, 0% used [0x00000007aab00000,0x00000007aab00000,0x00000007b9700000)
  from space 48640K, 99% used [0x00000007b9700000,0x00000007bc67c228,0x00000007bc680000)
  to   space 58880K, 0% used [0x00000007bc680000,0x00000007bc680000,0x00000007c0000000)
 ParOldGen       total 166400K, used 92612K [0x0000000780000000, 0x000000078a280000, 0x00000007aab00000)
  object space 166400K, 55% used [0x0000000780000000,0x0000000785a71038,0x000000078a280000)
 Metaspace       used 83930K, capacity 90820K, committed 91008K, reserved 1126400K
  class space    used 11603K, capacity 13825K, committed 13952K, reserved 1048576K
}

Deoptimization events (10 events):
Event: 285.605 Thread 0x00007ff0f64a8000 Uncommon trap: reason=class_check action=maybe_recompile pc=0x000000010f23d178 method=java.lang.AbstractStringBuilder.append(Ljava/lang/CharSequence;)Ljava/lang/AbstractStringBuilder; @ 26
Event: 285.605 Thread 0x00007ff0f64a8000 Uncommon trap: reason=class_check action=maybe_recompile pc=0x000000010f435248 method=java.lang.AbstractStringBuilder.append(Ljava/lang/CharSequence;II)Ljava/lang/AbstractStringBuilder; @ 18
Event: 319.381 Thread 0x00007ff0f64a8000 Uncommon trap: reason=null_check action=make_not_entrant pc=0x0000000110869630 method=org.gradle.api.internal.AbstractClassGenerator.generateUnderLock(Ljava/lang/Class;)Ljava/lang/Class; @ 789
Event: 319.723 Thread 0x00007ff0f64a8000 Uncommon trap: reason=null_check action=make_not_entrant pc=0x000000011094d4a4 method=org.codehaus.groovy.runtime.typehandling.DefaultTypeTransformation.castToType(Ljava/lang/Object;Ljava/lang/Class;)Ljava/lang/Object; @ 65
Event: 319.911 Thread 0x00007ff0f64a8000 Uncommon trap: reason=null_check action=make_not_entrant pc=0x000000011089ff48 method=com.sun.org.apache.xerces.internal.dom.ElementImpl.getDefaultAttributes()Lcom/sun/org/apache/xerces/internal/dom/NamedNodeMapImpl; @ 7
Event: 320.110 Thread 0x00007ff0f64a8000 Uncommon trap: reason=null_check action=make_not_entrant pc=0x00000001109d38bc method=java.beans.Introspector.isAssignable(Ljava/lang/Class;Ljava/lang/Class;)Z @ 23
Event: 320.224 Thread 0x00007ff0f64a8000 Uncommon trap: reason=null_check action=make_not_entrant pc=0x00000001106e863c method=java.beans.Introspector.isAssignable(Ljava/lang/Class;Ljava/lang/Class;)Z @ 23
Event: 352.536 Thread 0x00007ff0f64a8000 Uncommon trap: reason=null_check action=make_not_entrant pc=0x0000000110a29968 method=java.beans.PropertyDescriptor.isAssignable(Ljava/lang/reflect/Method;Ljava/lang/reflect/Method;)Z @ 72
Event: 352.607 Thread 0x00007ff0f64a8000 Uncommon trap: reason=null_check action=make_not_entrant pc=0x0000000110946dec method=java.beans.Introspector.isAssignable(Ljava/lang/Class;Ljava/lang/Class;)Z @ 23
Event: 352.829 Thread 0x00007ff0f64a8000 Uncommon trap: reason=range_check action=make_not_entrant pc=0x0000000110ac73c8 method=java.lang.String.charAt(I)C @ 27

Internal exceptions (10 events):
Event: 352.921 Thread 0x00007ff0f64a8000 Exception <a 'java/lang/ClassNotFoundException': com/android/build/gradle/internal/tasks/PrepareDependenciesTaskBeanInfo> (0x00000007ac274778) thrown at [/Users/java_re/workspace/8-2-build-macosx-x86_64/jdk8u40/2855/hotspot/src/share/vm/classfile/systemDi
Event: 352.921 Thread 0x00007ff0f64a8000 Exception <a 'java/lang/ClassNotFoundException': com/android/build/gradle/internal/tasks/BaseTaskBeanInfo> (0x00000007ac284460) thrown at [/Users/java_re/workspace/8-2-build-macosx-x86_64/jdk8u40/2855/hotspot/src/share/vm/classfile/systemDictionary.cpp, l
Event: 352.921 Thread 0x00007ff0f64a8000 Exception <a 'java/lang/ClassNotFoundException': com/android/build/gradle/internal/tasks/BaseTaskCustomizer> (0x00000007ac294138) thrown at [/Users/java_re/workspace/8-2-build-macosx-x86_64/jdk8u40/2855/hotspot/src/share/vm/classfile/systemDictionary.cpp,
Event: 352.922 Thread 0x00007ff0f64a8000 Exception <a 'java/lang/ClassNotFoundException': com/android/build/gradle/internal/tasks/PrepareDependenciesTaskCustomizer> (0x00000007ac2dd740) thrown at [/Users/java_re/workspace/8-2-build-macosx-x86_64/jdk8u40/2855/hotspot/src/share/vm/classfile/system
Event: 352.922 Thread 0x00007ff0f64a8000 Exception <a 'java/lang/ClassNotFoundException': com/android/build/gradle/internal/tasks/PrepareDependenciesTask_DecoratedCustomizer> (0x00000007ac337200) thrown at [/Users/java_re/workspace/8-2-build-macosx-x86_64/jdk8u40/2855/hotspot/src/share/vm/classf
Event: 352.929 Thread 0x00007ff0f64a8000 Exception <a 'java/lang/ClassNotFoundException': com/android/build/gradle/internal/tasks/CheckManifest_DecoratedBeanInfo> (0x00000007ac45edd8) thrown at [/Users/java_re/workspace/8-2-build-macosx-x86_64/jdk8u40/2855/hotspot/src/share/vm/classfile/systemDi
Event: 352.929 Thread 0x00007ff0f64a8000 Exception <a 'java/lang/ClassNotFoundException': com/android/build/gradle/internal/tasks/CheckManifestBeanInfo> (0x00000007ac46f820) thrown at [/Users/java_re/workspace/8-2-build-macosx-x86_64/jdk8u40/2855/hotspot/src/share/vm/classfile/systemDictionary.c
Event: 352.930 Thread 0x00007ff0f64a8000 Exception <a 'java/lang/ClassNotFoundException': com/android/build/gradle/internal/tasks/CheckManifestCustomizer> (0x00000007ac480528) thrown at [/Users/java_re/workspace/8-2-build-macosx-x86_64/jdk8u40/2855/hotspot/src/share/vm/classfile/systemDictionary
Event: 352.930 Thread 0x00007ff0f64a8000 Exception <a 'java/lang/ClassNotFoundException': com/android/build/gradle/internal/tasks/CheckManifest_DecoratedCustomizer> (0x00000007ac4cfa30) thrown at [/Users/java_re/workspace/8-2-build-macosx-x86_64/jdk8u40/2855/hotspot/src/share/vm/classfile/system
Event: 352.937 Thread 0x00007ff0f64a8000 Exception <a 'java/lang/ClassNotFoundException': com/android/build/gradle/tasks/GenerateResValues_DecoratedBeanInfo> (0x00000007ac5e2928) thrown at [/Users/java_re/workspace/8-2-build-macosx-x86_64/jdk8u40/2855/hotspot/src/share/vm/classfile/systemDiction

Events (10 events):
Event: 352.932 loading class groovy/runtime/metaclass/com/android/build/gradle/BasePlugin$_createCheckManifestTask_closure183MetaClass
Event: 352.932 loading class groovy/runtime/metaclass/com/android/build/gradle/BasePlugin$_createCheckManifestTask_closure183MetaClass done
Event: 352.935 loading class groovy/runtime/metaclass/com/android/build/gradle/tasks/GenerateResValues_DecoratedMetaClass
Event: 352.935 loading class groovy/runtime/metaclass/com/android/build/gradle/tasks/GenerateResValues_DecoratedMetaClass done
Event: 352.936 loading class com/android/build/gradle/tasks/GenerateResValues_DecoratedBeanInfo
Event: 352.936 loading class com/android/build/gradle/tasks/GenerateResValues_DecoratedBeanInfo done
Event: 352.937 loading class com/android/build/gradle/tasks/GenerateResValues_DecoratedBeanInfo
Event: 352.937 loading class com/android/build/gradle/tasks/GenerateResValues_DecoratedBeanInfo done
Event: 352.937 loading class com/android/build/gradle/tasks/GenerateResValuesBeanInfo
Event: 352.937 loading class com/android/build/gradle/tasks/GenerateResValuesBeanInfo done


Dynamic libraries:
0x0000000000a27000 	/System/Library/Frameworks/Cocoa.framework/Versions/A/Cocoa
0x0000000000a27000 	/System/Library/Frameworks/Security.framework/Versions/A/Security
0x0000000000a27000 	/System/Library/Frameworks/ApplicationServices.framework/Versions/A/ApplicationServices
0x0000000000a27000 	/usr/lib/libz.1.dylib
0x0000000000a27000 	/usr/lib/libSystem.B.dylib
0x0000000000a27000 	/usr/lib/libobjc.A.dylib
0x0000000000a27000 	/System/Library/Frameworks/CoreFoundation.framework/Versions/A/CoreFoundation
0x0000000000a27000 	/System/Library/Frameworks/Foundation.framework/Versions/C/Foundation
0x0000000000a27000 	/System/Library/Frameworks/AppKit.framework/Versions/C/AppKit
0x0000000000a27000 	/System/Library/Frameworks/CoreData.framework/Versions/A/CoreData
0x0000000000a27000 	/System/Library/PrivateFrameworks/RemoteViewServices.framework/Versions/A/RemoteViewServices
0x0000000000a27000 	/System/Library/PrivateFrameworks/UIFoundation.framework/Versions/A/UIFoundation
0x0000000000a27000 	/System/Library/Frameworks/IOSurface.framework/Versions/A/IOSurface
0x0000000000a27000 	/System/Library/Frameworks/AudioToolbox.framework/Versions/A/AudioToolbox
0x0000000000a27000 	/System/Library/Frameworks/AudioUnit.framework/Versions/A/AudioUnit
0x0000000000a27000 	/System/Library/PrivateFrameworks/DataDetectorsCore.framework/Versions/A/DataDetectorsCore
0x0000000000a27000 	/System/Library/PrivateFrameworks/DesktopServicesPriv.framework/Versions/A/DesktopServicesPriv
0x0000000000a27000 	/System/Library/Frameworks/Carbon.framework/Versions/A/Frameworks/HIToolbox.framework/Versions/A/HIToolbox
0x0000000000a27000 	/System/Library/Frameworks/QuartzCore.framework/Versions/A/QuartzCore
0x0000000000a27000 	/System/Library/Frameworks/Carbon.framework/Versions/A/Frameworks/SpeechRecognition.framework/Versions/A/SpeechRecognition
0x0000000000a27000 	/usr/lib/libauto.dylib
0x0000000000a27000 	/usr/lib/libicucore.A.dylib
0x0000000000a27000 	/usr/lib/libxml2.2.dylib
0x0000000000a27000 	/System/Library/PrivateFrameworks/CoreUI.framework/Versions/A/CoreUI
0x0000000000a27000 	/System/Library/Frameworks/CoreAudio.framework/Versions/A/CoreAudio
0x0000000000a27000 	/System/Library/Frameworks/DiskArbitration.framework/Versions/A/DiskArbitration
0x0000000000a27000 	/usr/lib/liblangid.dylib
0x0000000000a27000 	/System/Library/PrivateFrameworks/MultitouchSupport.framework/Versions/A/MultitouchSupport
0x0000000000a27000 	/System/Library/Frameworks/IOKit.framework/Versions/A/IOKit
0x0000000000a27000 	/usr/lib/libDiagnosticMessagesClient.dylib
0x0000000000a27000 	/System/Library/Frameworks/CoreServices.framework/Versions/A/CoreServices
0x0000000000a27000 	/System/Library/PrivateFrameworks/PerformanceAnalysis.framework/Versions/A/PerformanceAnalysis
0x0000000000a27000 	/System/Library/PrivateFrameworks/GenerationalStorage.framework/Versions/A/GenerationalStorage
0x0000000000a27000 	/System/Library/Frameworks/OpenGL.framework/Versions/A/OpenGL
0x0000000000a27000 	/System/Library/PrivateFrameworks/Sharing.framework/Versions/A/Sharing
0x0000000000a27000 	/System/Library/Frameworks/CoreGraphics.framework/Versions/A/CoreGraphics
0x0000000000a27000 	/System/Library/Frameworks/CoreText.framework/Versions/A/CoreText
0x0000000000a27000 	/System/Library/Frameworks/ImageIO.framework/Versions/A/ImageIO
0x0000000000a27000 	/usr/lib/libextension.dylib
0x0000000000a27000 	/System/Library/PrivateFrameworks/Backup.framework/Versions/A/Backup
0x0000000000a27000 	/usr/lib/libarchive.2.dylib
0x0000000000a27000 	/System/Library/Frameworks/CFNetwork.framework/Versions/A/CFNetwork
0x0000000000a27000 	/System/Library/Frameworks/SystemConfiguration.framework/Versions/A/SystemConfiguration
0x0000000000a27000 	/usr/lib/libCRFSuite.dylib
0x0000000000a27000 	/usr/lib/libc++.1.dylib
0x0000000000a27000 	/usr/lib/libc++abi.dylib
0x0000000000a27000 	/usr/lib/system/libcache.dylib
0x0000000000a27000 	/usr/lib/system/libcommonCrypto.dylib
0x0000000000a27000 	/usr/lib/system/libcompiler_rt.dylib
0x0000000000a27000 	/usr/lib/system/libcopyfile.dylib
0x0000000000a27000 	/usr/lib/system/libcorecrypto.dylib
0x0000000000a27000 	/usr/lib/system/libdispatch.dylib
0x0000000000a27000 	/usr/lib/system/libdyld.dylib
0x0000000000a27000 	/usr/lib/system/libkeymgr.dylib
0x0000000000a27000 	/usr/lib/system/liblaunch.dylib
0x0000000000a27000 	/usr/lib/system/libmacho.dylib
0x0000000000a27000 	/usr/lib/system/libquarantine.dylib
0x0000000000a27000 	/usr/lib/system/libremovefile.dylib
0x0000000000a27000 	/usr/lib/system/libsystem_asl.dylib
0x0000000000a27000 	/usr/lib/system/libsystem_blocks.dylib
0x0000000000a27000 	/usr/lib/system/libsystem_c.dylib
0x0000000000a27000 	/usr/lib/system/libsystem_configuration.dylib
0x0000000000a27000 	/usr/lib/system/libsystem_coreservices.dylib
0x0000000000a27000 	/usr/lib/system/libsystem_coretls.dylib
0x0000000000a27000 	/usr/lib/system/libsystem_dnssd.dylib
0x0000000000a27000 	/usr/lib/system/libsystem_info.dylib
0x0000000000a27000 	/usr/lib/system/libsystem_kernel.dylib
0x0000000000a27000 	/usr/lib/system/libsystem_m.dylib
0x0000000000a27000 	/usr/lib/system/libsystem_malloc.dylib
0x0000000000a27000 	/usr/lib/system/libsystem_network.dylib
0x0000000000a27000 	/usr/lib/system/libsystem_networkextension.dylib
0x0000000000a27000 	/usr/lib/system/libsystem_notify.dylib
0x0000000000a27000 	/usr/lib/system/libsystem_platform.dylib
0x0000000000a27000 	/usr/lib/system/libsystem_pthread.dylib
0x0000000000a27000 	/usr/lib/system/libsystem_sandbox.dylib
0x0000000000a27000 	/usr/lib/system/libsystem_secinit.dylib
0x0000000000a27000 	/usr/lib/system/libsystem_stats.dylib
0x0000000000a27000 	/usr/lib/system/libsystem_trace.dylib
0x0000000000a27000 	/usr/lib/system/libunc.dylib
0x0000000000a27000 	/usr/lib/system/libunwind.dylib
0x0000000000a27000 	/usr/lib/system/libxpc.dylib
0x0000000000a27000 	/usr/lib/libbz2.1.0.dylib
0x0000000000a27000 	/usr/lib/liblzma.5.dylib
0x0000000000a27000 	/usr/lib/libbsm.0.dylib
0x0000000000a27000 	/usr/lib/libsqlite3.dylib
0x0000000000a27000 	/usr/lib/system/libkxld.dylib
0x0000000000a27000 	/usr/lib/libxar.1.dylib
0x0000000000a27000 	/usr/lib/libpam.2.dylib
0x0000000000a27000 	/usr/lib/libOpenScriptingUtil.dylib
0x0000000000a27000 	/System/Library/Frameworks/CoreServices.framework/Versions/A/Frameworks/FSEvents.framework/Versions/A/FSEvents
0x0000000000a27000 	/System/Library/Frameworks/CoreServices.framework/Versions/A/Frameworks/CarbonCore.framework/Versions/A/CarbonCore
0x0000000000a27000 	/System/Library/Frameworks/CoreServices.framework/Versions/A/Frameworks/Metadata.framework/Versions/A/Metadata
0x0000000000a27000 	/System/Library/Frameworks/CoreServices.framework/Versions/A/Frameworks/OSServices.framework/Versions/A/OSServices
0x0000000000a27000 	/System/Library/Frameworks/CoreServices.framework/Versions/A/Frameworks/SearchKit.framework/Versions/A/SearchKit
0x0000000000a27000 	/System/Library/Frameworks/CoreServices.framework/Versions/A/Frameworks/AE.framework/Versions/A/AE
0x0000000000a27000 	/System/Library/Frameworks/CoreServices.framework/Versions/A/Frameworks/LaunchServices.framework/Versions/A/LaunchServices
0x0000000000a27000 	/System/Library/Frameworks/CoreServices.framework/Versions/A/Frameworks/DictionaryServices.framework/Versions/A/DictionaryServices
0x0000000000a27000 	/System/Library/Frameworks/NetFS.framework/Versions/A/NetFS
0x0000000000a27000 	/System/Library/PrivateFrameworks/NetAuth.framework/Versions/A/NetAuth
0x0000000000a27000 	/System/Library/PrivateFrameworks/login.framework/Versions/A/Frameworks/loginsupport.framework/Versions/A/loginsupport
0x0000000000a27000 	/System/Library/PrivateFrameworks/TCC.framework/Versions/A/TCC
0x0000000000a27000 	/usr/lib/libmecabra.dylib
0x0000000000a27000 	/System/Library/Frameworks/ApplicationServices.framework/Versions/A/Frameworks/ATS.framework/Versions/A/ATS
0x0000000000a27000 	/System/Library/Frameworks/ApplicationServices.framework/Versions/A/Frameworks/ColorSync.framework/Versions/A/ColorSync
0x0000000000a27000 	/System/Library/Frameworks/ApplicationServices.framework/Versions/A/Frameworks/HIServices.framework/Versions/A/HIServices
0x0000000000a27000 	/System/Library/Frameworks/ApplicationServices.framework/Versions/A/Frameworks/LangAnalysis.framework/Versions/A/LangAnalysis
0x0000000000a27000 	/System/Library/Frameworks/ApplicationServices.framework/Versions/A/Frameworks/PrintCore.framework/Versions/A/PrintCore
0x0000000000a27000 	/System/Library/Frameworks/ApplicationServices.framework/Versions/A/Frameworks/QD.framework/Versions/A/QD
0x0000000000a27000 	/System/Library/Frameworks/ApplicationServices.framework/Versions/A/Frameworks/SpeechSynthesis.framework/Versions/A/SpeechSynthesis
0x0000000000a27000 	/System/Library/Frameworks/Accelerate.framework/Versions/A/Accelerate
0x0000000000a27000 	/System/Library/Frameworks/Accelerate.framework/Versions/A/Frameworks/vImage.framework/Versions/A/vImage
0x0000000000a27000 	/System/Library/Frameworks/Accelerate.framework/Versions/A/Frameworks/vecLib.framework/Versions/A/vecLib
0x0000000000a27000 	/System/Library/Frameworks/Accelerate.framework/Versions/A/Frameworks/vecLib.framework/Versions/A/libvDSP.dylib
0x0000000000a27000 	/System/Library/Frameworks/Accelerate.framework/Versions/A/Frameworks/vecLib.framework/Versions/A/libvMisc.dylib
0x0000000000a27000 	/System/Library/Frameworks/Accelerate.framework/Versions/A/Frameworks/vecLib.framework/Versions/A/libLAPACK.dylib
0x0000000000a27000 	/System/Library/Frameworks/Accelerate.framework/Versions/A/Frameworks/vecLib.framework/Versions/A/libBLAS.dylib
0x0000000000a27000 	/System/Library/Frameworks/Accelerate.framework/Versions/A/Frameworks/vecLib.framework/Versions/A/libLinearAlgebra.dylib
0x0000000000a27000 	/System/Library/Frameworks/ApplicationServices.framework/Versions/A/Frameworks/ATS.framework/Versions/A/Resources/libFontParser.dylib
0x0000000000a27000 	/System/Library/Frameworks/ApplicationServices.framework/Versions/A/Frameworks/ATS.framework/Versions/A/Resources/libFontRegistry.dylib
0x0000000000a27000 	/System/Library/PrivateFrameworks/AppleVPA.framework/Versions/A/AppleVPA
0x0000000000a27000 	/System/Library/PrivateFrameworks/AppleJPEG.framework/Versions/A/AppleJPEG
0x0000000000a27000 	/System/Library/Frameworks/ImageIO.framework/Versions/A/Resources/libJPEG.dylib
0x0000000000a27000 	/System/Library/Frameworks/ImageIO.framework/Versions/A/Resources/libTIFF.dylib
0x0000000000a27000 	/System/Library/Frameworks/ImageIO.framework/Versions/A/Resources/libPng.dylib
0x0000000000a27000 	/System/Library/Frameworks/ImageIO.framework/Versions/A/Resources/libGIF.dylib
0x0000000000a27000 	/System/Library/Frameworks/ImageIO.framework/Versions/A/Resources/libJP2.dylib
0x0000000000a27000 	/System/Library/Frameworks/ImageIO.framework/Versions/A/Resources/libRadiance.dylib
0x0000000000a27000 	/System/Library/Frameworks/CoreVideo.framework/Versions/A/CoreVideo
0x0000000000a27000 	/System/Library/Frameworks/OpenGL.framework/Versions/A/Libraries/libGLU.dylib
0x0000000000a27000 	/System/Library/Frameworks/OpenGL.framework/Versions/A/Libraries/libGFXShared.dylib
0x0000000000a27000 	/System/Library/Frameworks/OpenGL.framework/Versions/A/Libraries/libGL.dylib
0x0000000000a27000 	/System/Library/Frameworks/OpenGL.framework/Versions/A/Libraries/libGLImage.dylib
0x0000000000a27000 	/System/Library/Frameworks/OpenGL.framework/Versions/A/Libraries/libCVMSPluginSupport.dylib
0x0000000000a27000 	/System/Library/Frameworks/OpenGL.framework/Versions/A/Libraries/libCoreVMClient.dylib
0x0000000000a27000 	/usr/lib/libcups.2.dylib
0x0000000000a27000 	/System/Library/Frameworks/Kerberos.framework/Versions/A/Kerberos
0x0000000000a27000 	/System/Library/Frameworks/GSS.framework/Versions/A/GSS
0x0000000000a27000 	/usr/lib/libresolv.9.dylib
0x0000000000a27000 	/usr/lib/libiconv.2.dylib
0x0000000000a27000 	/System/Library/PrivateFrameworks/Heimdal.framework/Versions/A/Heimdal
0x0000000000a27000 	/usr/lib/libheimdal-asn1.dylib
0x0000000000a27000 	/System/Library/Frameworks/OpenDirectory.framework/Versions/A/OpenDirectory
0x0000000000a27000 	/System/Library/PrivateFrameworks/CommonAuth.framework/Versions/A/CommonAuth
0x0000000000a27000 	/System/Library/Frameworks/OpenDirectory.framework/Versions/A/Frameworks/CFOpenDirectory.framework/Versions/A/CFOpenDirectory
0x0000000000a27000 	/System/Library/Frameworks/SecurityFoundation.framework/Versions/A/SecurityFoundation
0x0000000000a27000 	/System/Library/PrivateFrameworks/LanguageModeling.framework/Versions/A/LanguageModeling
0x0000000000a27000 	/usr/lib/libcmph.dylib
0x0000000000a27000 	/System/Library/Frameworks/ServiceManagement.framework/Versions/A/ServiceManagement
0x0000000000a27000 	/usr/lib/libxslt.1.dylib
0x0000000000a27000 	/System/Library/Frameworks/Carbon.framework/Versions/A/Frameworks/Ink.framework/Versions/A/Ink
0x0000000000a27000 	/System/Library/Frameworks/QuartzCore.framework/Versions/A/Frameworks/CoreImage.framework/Versions/A/CoreImage
0x0000000000a27000 	/System/Library/PrivateFrameworks/CrashReporterSupport.framework/Versions/A/CrashReporterSupport
0x0000000000a27000 	/System/Library/Frameworks/OpenCL.framework/Versions/A/OpenCL
0x0000000000a27000 	/System/Library/PrivateFrameworks/FaceCore.framework/Versions/A/FaceCore
0x0000000000a27000 	/System/Library/PrivateFrameworks/Ubiquity.framework/Versions/A/Ubiquity
0x0000000000a27000 	/System/Library/PrivateFrameworks/IconServices.framework/Versions/A/IconServices
0x0000000000a27000 	/System/Library/PrivateFrameworks/ChunkingLibrary.framework/Versions/A/ChunkingLibrary
0x0000000000a27000 	/System/Library/PrivateFrameworks/Apple80211.framework/Versions/A/Apple80211
0x0000000000a27000 	/System/Library/Frameworks/CoreWLAN.framework/Versions/A/CoreWLAN
0x0000000000a27000 	/System/Library/Frameworks/IOBluetooth.framework/Versions/A/IOBluetooth
0x0000000000a27000 	/System/Library/PrivateFrameworks/CoreWiFi.framework/Versions/A/CoreWiFi
0x0000000000a27000 	/System/Library/Frameworks/CoreBluetooth.framework/Versions/A/CoreBluetooth
0x0000000000a27000 	/System/Library/PrivateFrameworks/DebugSymbols.framework/Versions/A/DebugSymbols
0x0000000000a27000 	/System/Library/PrivateFrameworks/CoreSymbolication.framework/Versions/A/CoreSymbolication
0x0000000000a27000 	/System/Library/PrivateFrameworks/Symbolication.framework/Versions/A/Symbolication
0x0000000000a27000 	/System/Library/PrivateFrameworks/SpeechRecognitionCore.framework/Versions/A/SpeechRecognitionCore
0x000000010d400000 	/Library/Java/JavaVirtualMachines/jdk1.8.0_40.jdk/Contents/Home/jre/lib/server/libjvm.dylib
0x0000000000a27000 	/usr/lib/libstdc++.6.dylib
0x000000010c3c5000 	/Library/Java/JavaVirtualMachines/jdk1.8.0_40.jdk/Contents/Home/jre/lib/libverify.dylib
0x000000010e46c000 	/Library/Java/JavaVirtualMachines/jdk1.8.0_40.jdk/Contents/Home/jre/lib/libjava.dylib
0x000000010c3dd000 	/Library/Java/JavaVirtualMachines/jdk1.8.0_40.jdk/Contents/Home/jre/lib/libzip.dylib
0x0000000123027000 	/System/Library/Frameworks/JavaVM.framework/Frameworks/JavaRuntimeSupport.framework/JavaRuntimeSupport
0x000000012303f000 	/System/Library/Frameworks/JavaVM.framework/Versions/A/Frameworks/JavaNativeFoundation.framework/Versions/A/JavaNativeFoundation
0x0000000123054000 	/System/Library/Frameworks/JavaVM.framework/Versions/A/JavaVM
0x0000000000a27000 	/System/Library/Frameworks/Carbon.framework/Versions/A/Carbon
0x0000000123061000 	/System/Library/PrivateFrameworks/JavaLaunching.framework/Versions/A/JavaLaunching
0x0000000000a27000 	/System/Library/Frameworks/Carbon.framework/Versions/A/Frameworks/CommonPanels.framework/Versions/A/CommonPanels
0x0000000000a27000 	/System/Library/Frameworks/Carbon.framework/Versions/A/Frameworks/Help.framework/Versions/A/Help
0x0000000000a27000 	/System/Library/Frameworks/Carbon.framework/Versions/A/Frameworks/ImageCapture.framework/Versions/A/ImageCapture
0x0000000000a27000 	/System/Library/Frameworks/Carbon.framework/Versions/A/Frameworks/OpenScripting.framework/Versions/A/OpenScripting
0x0000000000a27000 	/System/Library/Frameworks/Carbon.framework/Versions/A/Frameworks/Print.framework/Versions/A/Print
0x0000000000a27000 	/System/Library/Frameworks/Carbon.framework/Versions/A/Frameworks/SecurityHI.framework/Versions/A/SecurityHI
0x0000000125875000 	/private/var/folders/rd/zy44m6290sbgpgk__jkc5__80000gn/T/native-platform2535505872987103657dir/libnative-platform.dylib
0x000000012587a000 	/Library/Java/JavaVirtualMachines/jdk1.8.0_40.jdk/Contents/Home/jre/lib/libnet.dylib
0x0000000125891000 	/Library/Java/JavaVirtualMachines/jdk1.8.0_40.jdk/Contents/Home/jre/lib/libnio.dylib
0x0000000126e41000 	/Library/Java/JavaVirtualMachines/jdk1.8.0_40.jdk/Contents/Home/jre/lib/libsunec.dylib

VM Arguments:
jvm_args: -XX:MaxPermSize=256m -XX:+HeapDumpOnOutOfMemoryError -Xmx1024m -Dfile.encoding=UTF-8 -Duser.country=ES -Duser.language=es -Duser.variant 
java_command: org.gradle.launcher.daemon.bootstrap.GradleDaemon 2.2.1 /Users/pepesan/.gradle/daemon 10800000 b6633f79-d03f-4c80-a4fb-07eee9562a10 -XX:MaxPermSize=256m -XX:+HeapDumpOnOutOfMemoryError -Xmx1024m -Dfile.encoding=UTF-8 -Duser.country=ES -Duser.language=es -Duser.variant
java_class_path (initial): /Users/pepesan/.gradle/wrapper/dists/gradle-2.2.1-all/2m8005s69iu8v0oiejfej094b/gradle-2.2.1/lib/gradle-launcher-2.2.1.jar
Launcher Type: SUN_STANDARD

Environment Variables:
JAVA_HOME=
PATH=/usr/bin:/bin:/usr/sbin:/sbin
SHELL=/bin/bash

Signal Handlers:
SIGSEGV: [libjvm.dylib+0x58ef95], sa_mask[0]=11111111011111110111111111111111, sa_flags=SA_ONSTACK|SA_RESTART|SA_SIGINFO
SIGBUS: [libjvm.dylib+0x58ef95], sa_mask[0]=11111111011111110111111111111111, sa_flags=SA_RESTART|SA_SIGINFO
SIGFPE: [libjvm.dylib+0x46c118], sa_mask[0]=11111111011111110111111111111111, sa_flags=SA_RESTART|SA_SIGINFO
SIGPIPE: [libjvm.dylib+0x46c118], sa_mask[0]=11111111011111110111111111111111, sa_flags=SA_RESTART|SA_SIGINFO
SIGXFSZ: [libjvm.dylib+0x46c118], sa_mask[0]=11111111011111110111111111111111, sa_flags=SA_RESTART|SA_SIGINFO
SIGILL: [libjvm.dylib+0x46c118], sa_mask[0]=11111111011111110111111111111111, sa_flags=SA_RESTART|SA_SIGINFO
SIGUSR1: SIG_DFL, sa_mask[0]=11111111011111110111111111111111, sa_flags=none
SIGUSR2: [libjvm.dylib+0x46bc36], sa_mask[0]=00100000000000000000000000000000, sa_flags=SA_RESTART|SA_SIGINFO
SIGHUP: [libjvm.dylib+0x46a209], sa_mask[0]=11111111011111110111111111111111, sa_flags=SA_RESTART|SA_SIGINFO
SIGINT: [libjvm.dylib+0x46a209], sa_mask[0]=11111111011111110111111111111111, sa_flags=SA_RESTART|SA_SIGINFO
SIGTERM: [libjvm.dylib+0x46a209], sa_mask[0]=11111111011111110111111111111111, sa_flags=SA_RESTART|SA_SIGINFO
SIGQUIT: [libjvm.dylib+0x46a209], sa_mask[0]=11111111011111110111111111111111, sa_flags=SA_RESTART|SA_SIGINFO


---------------  S Y S T E M  ---------------

OS:Bsduname:Darwin 14.4.0 Darwin Kernel Version 14.4.0: Thu May 28 11:35:04 PDT 2015; root:xnu-2782.30.5~1/RELEASE_X86_64 x86_64
rlimit: STACK 8192k, CORE 0k, NPROC 709, NOFILE 10240, AS infinity
load average:2.06 1.90 1.76

CPU:total 8 (4 cores per cpu, 2 threads per core) family 6 model 58 stepping 9, cmov, cx8, fxsr, mmx, sse, sse2, sse3, ssse3, sse4.1, sse4.2, popcnt, avx, aes, clmul, erms, ht, tsc, tscinvbit, tscinv

Memory: 4k page, physical 16777216k(2245052k free)

/proc/meminfo:


vm_info: Java HotSpot(TM) 64-Bit Server VM (25.40-b25) for bsd-amd64 JRE (1.8.0_40-b25), built on Feb 10 2015 21:07:25 by "java_re" with gcc 4.2.1 (Based on Apple Inc. build 5658) (LLVM build 2336.11.00)

time: Fri Jul 24 13:45:15 2015
elapsed time: 352 seconds (0d 0h 5m 52s)

